# JRE version: OpenJDK Runtime Environment (8.0_202) (build 1.8.0_202-release-1483-b49-5587405)
# Java VM: OpenJDK 64-Bit Server VM (25.202-b49-5587405 mixed mode linux-amd64 compressed oops)
Heap:
 PSYoungGen      total 316416K, used 19953K [0x00000000e0000000, 0x00000000f5100000, 0x0000000100000000)
  eden space 296448K, 0% used [0x00000000e0000000,0x00000000e0000000,0x00000000f2180000)
  from space 19968K, 99% used [0x00000000f2180000,0x00000000f34fc528,0x00000000f3500000)
  to   space 16384K, 0% used [0x00000000f3500000,0x00000000f3500000,0x00000000f4500000)
 ParOldGen       total 73728K, used 63156K [0x00000000a0000000, 0x00000000a4800000, 0x00000000e0000000)
  object space 73728K, 85% used [0x00000000a0000000,0x00000000a3dad1f0,0x00000000a4800000)
 Metaspace       used 72776K, capacity 75520K, committed 75688K, reserved 1114112K
  class space    used 9779K, capacity 10360K, committed 10408K, reserved 1048576K
GC Heap History (10 events):
Event: 142.950 GC heap after
Heap after GC invocations=15 (full 2):
 PSYoungGen      total 135680K, used 6232K [0x00000000e0000000, 0x00000000ed300000, 0x0000000100000000)
  eden space 125952K, 0% used [0x00000000e0000000,0x00000000e0000000,0x00000000e7b00000)
  from space 9728K, 64% used [0x00000000e7b00000,0x00000000e8116358,0x00000000e8480000)
  to   space 9728K, 0% used [0x00000000ec980000,0x00000000ec980000,0x00000000ed300000)
 ParOldGen       total 41472K, used 16192K [0x00000000a0000000, 0x00000000a2880000, 0x00000000e0000000)
  object space 41472K, 39% used [0x00000000a0000000,0x00000000a0fd03c0,0x00000000a2880000)
 Metaspace       used 39627K, capacity 40494K, committed 40744K, reserved 1085440K
  class space    used 5345K, capacity 5603K, committed 5672K, reserved 1048576K
}
Event: 328.615 GC heap before
{Heap before GC invocations=16 (full 2):
 PSYoungGen      total 135680K, used 132184K [0x00000000e0000000, 0x00000000ed300000, 0x0000000100000000)
  eden space 125952K, 100% used [0x00000000e0000000,0x00000000e7b00000,0x00000000e7b00000)
  from space 9728K, 64% used [0x00000000e7b00000,0x00000000e8116358,0x00000000e8480000)
  to   space 9728K, 0% used [0x00000000ec980000,0x00000000ec980000,0x00000000ed300000)
 ParOldGen       total 41472K, used 16192K [0x00000000a0000000, 0x00000000a2880000, 0x00000000e0000000)
  object space 41472K, 39% used [0x00000000a0000000,0x00000000a0fd03c0,0x00000000a2880000)
 Metaspace       used 41288K, capacity 42336K, committed 42536K, reserved 1085440K
  class space    used 5564K, capacity 5829K, committed 5928K, reserved 1048576K
Event: 328.635 GC heap after
Heap after GC invocations=16 (full 2):
 PSYoungGen      total 203264K, used 2847K [0x00000000e0000000, 0x00000000ed180000, 0x0000000100000000)
  eden space 195072K, 0% used [0x00000000e0000000,0x00000000e0000000,0x00000000ebe80000)
  from space 8192K, 34% used [0x00000000ec980000,0x00000000ecc47f78,0x00000000ed180000)
  to   space 9728K, 0% used [0x00000000ebe80000,0x00000000ebe80000,0x00000000ec800000)
 ParOldGen       total 41472K, used 20312K [0x00000000a0000000, 0x00000000a2880000, 0x00000000e0000000)
  object space 41472K, 48% used [0x00000000a0000000,0x00000000a13d6078,0x00000000a2880000)
 Metaspace       used 41288K, capacity 42336K, committed 42536K, reserved 1085440K
  class space    used 5564K, capacity 5829K, committed 5928K, reserved 1048576K
}
Event: 344.692 GC heap before
{Heap before GC invocations=17 (full 2):
 PSYoungGen      total 203264K, used 197919K [0x00000000e0000000, 0x00000000ed180000, 0x0000000100000000)
  eden space 195072K, 100% used [0x00000000e0000000,0x00000000ebe80000,0x00000000ebe80000)
  from space 8192K, 34% used [0x00000000ec980000,0x00000000ecc47f78,0x00000000ed180000)
  to   space 9728K, 0% used [0x00000000ebe80000,0x00000000ebe80000,0x00000000ec800000)
 ParOldGen       total 41472K, used 20312K [0x00000000a0000000, 0x00000000a2880000, 0x00000000e0000000)
  object space 41472K, 48% used [0x00000000a0000000,0x00000000a13d6078,0x00000000a2880000)
 Metaspace       used 57507K, capacity 59074K, committed 59160K, reserved 1099776K
  class space    used 7691K, capacity 8056K, committed 8104K, reserved 1048576K
Event: 344.966 GC heap after
Heap after GC invocations=17 (full 2):
 PSYoungGen      total 204800K, used 9700K [0x00000000e0000000, 0x00000000f4500000, 0x0000000100000000)
  eden space 195072K, 0% used [0x00000000e0000000,0x00000000e0000000,0x00000000ebe80000)
  from space 9728K, 99% used [0x00000000ebe80000,0x00000000ec7f9300,0x00000000ec800000)
  to   space 16384K, 0% used [0x00000000f3500000,0x00000000f3500000,0x00000000f4500000)
 ParOldGen       total 41472K, used 35087K [0x00000000a0000000, 0x00000000a2880000, 0x00000000e0000000)
  object space 41472K, 84% used [0x00000000a0000000,0x00000000a2243fa0,0x00000000a2880000)
 Metaspace       used 57507K, capacity 59074K, committed 59160K, reserved 1099776K
  class space    used 7691K, capacity 8056K, committed 8104K, reserved 1048576K
}
Event: 344.966 GC heap before
{Heap before GC invocations=18 (full 3):
 PSYoungGen      total 204800K, used 9700K [0x00000000e0000000, 0x00000000f4500000, 0x0000000100000000)
  eden space 195072K, 0% used [0x00000000e0000000,0x00000000e0000000,0x00000000ebe80000)
  from space 9728K, 99% used [0x00000000ebe80000,0x00000000ec7f9300,0x00000000ec800000)
  to   space 16384K, 0% used [0x00000000f3500000,0x00000000f3500000,0x00000000f4500000)
 ParOldGen       total 41472K, used 35087K [0x00000000a0000000, 0x00000000a2880000, 0x00000000e0000000)
  object space 41472K, 84% used [0x00000000a0000000,0x00000000a2243fa0,0x00000000a2880000)
 Metaspace       used 57507K, capacity 59074K, committed 59160K, reserved 1099776K
  class space    used 7691K, capacity 8056K, committed 8104K, reserved 1048576K
Event: 345.155 GC heap after
Heap after GC invocations=18 (full 3):
 PSYoungGen      total 204800K, used 483K [0x00000000e0000000, 0x00000000f4500000, 0x0000000100000000)
  eden space 195072K, 0% used [0x00000000e0000000,0x00000000e0000000,0x00000000ebe80000)
  from space 9728K, 4% used [0x00000000ebe80000,0x00000000ebef8ef8,0x00000000ec800000)
  to   space 16384K, 0% used [0x00000000f3500000,0x00000000f3500000,0x00000000f4500000)
 ParOldGen       total 73728K, used 41366K [0x00000000a0000000, 0x00000000a4800000, 0x00000000e0000000)
  object space 73728K, 56% used [0x00000000a0000000,0x00000000a2865a50,0x00000000a4800000)
 Metaspace       used 57503K, capacity 59062K, committed 59160K, reserved 1099776K
  class space    used 7689K, capacity 8054K, committed 8104K, reserved 1048576K
}
Event: 370.914 GC heap before
{Heap before GC invocations=19 (full 3):
 PSYoungGen      total 204800K, used 195555K [0x00000000e0000000, 0x00000000f4500000, 0x0000000100000000)
  eden space 195072K, 100% used [0x00000000e0000000,0x00000000ebe80000,0x00000000ebe80000)
  from space 9728K, 4% used [0x00000000ebe80000,0x00000000ebef8ef8,0x00000000ec800000)
  to   space 16384K, 0% used [0x00000000f3500000,0x00000000f3500000,0x00000000f4500000)
 ParOldGen       total 73728K, used 41366K [0x00000000a0000000, 0x00000000a4800000, 0x00000000e0000000)
  object space 73728K, 56% used [0x00000000a0000000,0x00000000a2865a50,0x00000000a4800000)
 Metaspace       used 63586K, capacity 65572K, committed 65704K, reserved 1105920K
  class space    used 8545K, capacity 9014K, committed 9128K, reserved 1048576K
Event: 373.075 GC heap after
Heap after GC invocations=19 (full 3):
 PSYoungGen      total 312832K, used 16359K [0x00000000e0000000, 0x00000000f5100000, 0x0000000100000000)
  eden space 296448K, 0% used [0x00000000e0000000,0x00000000e0000000,0x00000000f2180000)
  from space 16384K, 99% used [0x00000000f3500000,0x00000000f44f9c18,0x00000000f4500000)
  to   space 19968K, 0% used [0x00000000f2180000,0x00000000f2180000,0x00000000f3500000)
 ParOldGen       total 73728K, used 44288K [0x00000000a0000000, 0x00000000a4800000, 0x00000000e0000000)
  object space 73728K, 60% used [0x00000000a0000000,0x00000000a2b40338,0x00000000a4800000)
 Metaspace       used 63586K, capacity 65572K, committed 65704K, reserved 1105920K
  class space    used 8545K, capacity 9014K, committed 9128K, reserved 1048576K
}
Event: 537.439 GC heap before
{Heap before GC invocations=20 (full 3):
 PSYoungGen      total 312832K, used 312807K [0x00000000e0000000, 0x00000000f5100000, 0x0000000100000000)
  eden space 296448K, 100% used [0x00000000e0000000,0x00000000f2180000,0x00000000f2180000)
  from space 16384K, 99% used [0x00000000f3500000,0x00000000f44f9c18,0x00000000f4500000)
  to   space 19968K, 0% used [0x00000000f2180000,0x00000000f2180000,0x00000000f3500000)
 ParOldGen       total 73728K, used 44288K [0x00000000a0000000, 0x00000000a4800000, 0x00000000e0000000)
  object space 73728K, 60% used [0x00000000a0000000,0x00000000a2b40338,0x00000000a4800000)
 Metaspace       used 72776K, capacity 75520K, committed 75688K, reserved 1114112K
  class space    used 9779K, capacity 10360K, committed 10408K, reserved 1048576K

